<?xml version="1.0" encoding="UTF-8"?>
<!-- Generated by org.testng.reporters.JUnitXMLReporter -->
<testsuite hostname="hyf-PC" name="Default test" tests="6" failures="0" timestamp="20 Jun 2017 09:29:32 GMT" time="3.323" errors="0">
  <testcase name="ShopidTest" time="2.408" classname="restassuied.Shop"/>
  <testcase name="find_all_category_Test" time="0.097" classname="restassuied.Shop"/>
  <testcase name="find_all_product_Test" time="0.435" classname="restassuied.Shop"/>
  <testcase name="find_shopplan_products_Test" time="0.114" classname="restassuied.Shop"/>
  <testcase name="get_app_indexweb_Test" time="0.137" classname="restassuied.Shop"/>
  <testcase name="get_nearby_vendor" time="0.106" classname="restassuied.Shop"/>
</testsuite> <!-- Default test -->
