<?xml version="1.0" encoding="UTF-8"?>
<testng-results skipped="0" failed="0" total="2" passed="2">
  <reporter-output>
  </reporter-output>
  <suite name="Default suite" duration-ms="7537" started-at="2017-04-25T10:17:06Z" finished-at="2017-04-25T10:17:13Z">
    <groups>
    </groups>
    <test name="Default test" duration-ms="7537" started-at="2017-04-25T10:17:06Z" finished-at="2017-04-25T10:17:13Z">
      <class name="cn.demo.demo1">
        <test-method status="PASS" signature="BeforeClass()[pri:0, instance:cn.demo.demo1@5a4aa2f2]" name="BeforeClass" is-config="true" duration-ms="6" started-at="2017-04-25T18:17:06Z" finished-at="2017-04-25T18:17:06Z">
          <reporter-output>
          </reporter-output>
        </test-method> <!-- BeforeClass -->
        <test-method status="PASS" signature="fuction1()[pri:0, instance:cn.demo.demo1@5a4aa2f2]" name="fuction1" duration-ms="7436" started-at="2017-04-25T18:17:06Z" finished-at="2017-04-25T18:17:13Z">
          <reporter-output>
          </reporter-output>
        </test-method> <!-- fuction1 -->
        <test-method status="PASS" signature="renzheng()[pri:0, instance:cn.demo.demo1@5a4aa2f2]" name="renzheng" duration-ms="81" started-at="2017-04-25T18:17:13Z" finished-at="2017-04-25T18:17:13Z">
          <reporter-output>
          </reporter-output>
        </test-method> <!-- renzheng -->
      </class> <!-- cn.demo.demo1 -->
    </test> <!-- Default test -->
  </suite> <!-- Default suite -->
</testng-results>
